2019-04-03 14:30:30.412  INFO 13004 --- [restartedMain] c.e.transport.CityTransportApplication   : Starting CityTransportApplication on 030-ZNXT-WZJ-B with PID 13004 (D:\GitHubDoc\gitdoc\transport\target\classes started by 03010347 in D:\GitHubDoc\gitdoc\transport)
2019-04-03 14:30:30.419  INFO 13004 --- [restartedMain] c.e.transport.CityTransportApplication   : The following profiles are active: dev
2019-04-03 14:30:30.474  INFO 13004 --- [restartedMain] s.c.a.AnnotationConfigApplicationContext : Refreshing org.springframework.context.annotation.AnnotationConfigApplicationContext@740ea11: startup date [Wed Apr 03 14:30:30 CST 2019]; root of context hierarchy
2019-04-03 14:30:32.283  WARN 13004 --- [restartedMain] s.c.a.AnnotationConfigApplicationContext : Exception encountered during context initialization - cancelling refresh attempt: org.springframework.beans.factory.BeanDefinitionStoreException: Failed to parse configuration class [com.example.transport.CityTransportApplication]; nested exception is java.lang.IllegalStateException: Failed to introspect annotated methods on class org.springframework.boot.web.servlet.support.SpringBootServletInitializer
2019-04-03 14:30:32.289  INFO 13004 --- [restartedMain] ConditionEvaluationReportLoggingListener : 

Error starting ApplicationContext. To display the conditions report re-run your application with 'debug' enabled.
2019-04-03 14:30:32.300 ERROR 13004 --- [restartedMain] o.s.boot.SpringApplication               : Application run failed

org.springframework.beans.factory.BeanDefinitionStoreException: Failed to parse configuration class [com.example.transport.CityTransportApplication]; nested exception is java.lang.IllegalStateException: Failed to introspect annotated methods on class org.springframework.boot.web.servlet.support.SpringBootServletInitializer
	at org.springframework.context.annotation.ConfigurationClassParser.parse(ConfigurationClassParser.java:184) ~[spring-context-5.0.9.RELEASE.jar:5.0.9.RELEASE]
	at org.springframework.context.annotation.ConfigurationClassPostProcessor.processConfigBeanDefinitions(ConfigurationClassPostProcessor.java:316) ~[spring-context-5.0.9.RELEASE.jar:5.0.9.RELEASE]
	at org.springframework.context.annotation.ConfigurationClassPostProcessor.postProcessBeanDefinitionRegistry(ConfigurationClassPostProcessor.java:233) ~[spring-context-5.0.9.RELEASE.jar:5.0.9.RELEASE]
	at org.springframework.context.support.PostProcessorRegistrationDelegate.invokeBeanDefinitionRegistryPostProcessors(PostProcessorRegistrationDelegate.java:271) ~[spring-context-5.0.9.RELEASE.jar:5.0.9.RELEASE]
	at org.springframework.context.support.PostProcessorRegistrationDelegate.invokeBeanFactoryPostProcessors(PostProcessorRegistrationDelegate.java:91) ~[spring-context-5.0.9.RELEASE.jar:5.0.9.RELEASE]
	at org.springframework.context.support.AbstractApplicationContext.invokeBeanFactoryPostProcessors(AbstractApplicationContext.java:694) ~[spring-context-5.0.9.RELEASE.jar:5.0.9.RELEASE]
	at org.springframework.context.support.AbstractApplicationContext.refresh(AbstractApplicationContext.java:532) ~[spring-context-5.0.9.RELEASE.jar:5.0.9.RELEASE]
	at org.springframework.boot.SpringApplication.refresh(SpringApplication.java:780) [spring-boot-2.0.5.RELEASE.jar:2.0.5.RELEASE]
	at org.springframework.boot.SpringApplication.refreshContext(SpringApplication.java:412) [spring-boot-2.0.5.RELEASE.jar:2.0.5.RELEASE]
	at org.springframework.boot.SpringApplication.run(SpringApplication.java:333) [spring-boot-2.0.5.RELEASE.jar:2.0.5.RELEASE]
	at org.springframework.boot.SpringApplication.run(SpringApplication.java:1277) [spring-boot-2.0.5.RELEASE.jar:2.0.5.RELEASE]
	at org.springframework.boot.SpringApplication.run(SpringApplication.java:1265) [spring-boot-2.0.5.RELEASE.jar:2.0.5.RELEASE]
	at com.example.transport.CityTransportApplication.main(CityTransportApplication.java:33) [classes/:na]
	at sun.reflect.NativeMethodAccessorImpl.invoke0(Native Method) ~[na:1.8.0_60]
	at sun.reflect.NativeMethodAccessorImpl.invoke(NativeMethodAccessorImpl.java:62) ~[na:1.8.0_60]
	at sun.reflect.DelegatingMethodAccessorImpl.invoke(DelegatingMethodAccessorImpl.java:43) ~[na:1.8.0_60]
	at java.lang.reflect.Method.invoke(Method.java:497) ~[na:1.8.0_60]
	at org.springframework.boot.devtools.restart.RestartLauncher.run(RestartLauncher.java:49) [spring-boot-devtools-2.0.5.RELEASE.jar:2.0.5.RELEASE]
Caused by: java.lang.IllegalStateException: Failed to introspect annotated methods on class org.springframework.boot.web.servlet.support.SpringBootServletInitializer
	at org.springframework.core.type.StandardAnnotationMetadata.getAnnotatedMethods(StandardAnnotationMetadata.java:169) ~[spring-core-5.0.9.RELEASE.jar:5.0.9.RELEASE]
	at org.springframework.context.annotation.ConfigurationClassParser.retrieveBeanMethodMetadata(ConfigurationClassParser.java:393) ~[spring-context-5.0.9.RELEASE.jar:5.0.9.RELEASE]
	at org.springframework.context.annotation.ConfigurationClassParser.doProcessConfigurationClass(ConfigurationClassParser.java:318) ~[spring-context-5.0.9.RELEASE.jar:5.0.9.RELEASE]
	at org.springframework.context.annotation.ConfigurationClassParser.processConfigurationClass(ConfigurationClassParser.java:245) ~[spring-context-5.0.9.RELEASE.jar:5.0.9.RELEASE]
	at org.springframework.context.annotation.ConfigurationClassParser.parse(ConfigurationClassParser.java:202) ~[spring-context-5.0.9.RELEASE.jar:5.0.9.RELEASE]
	at org.springframework.context.annotation.ConfigurationClassParser.parse(ConfigurationClassParser.java:170) ~[spring-context-5.0.9.RELEASE.jar:5.0.9.RELEASE]
	... 17 common frames omitted
Caused by: java.lang.NoClassDefFoundError: javax/servlet/ServletContext
	at java.lang.Class.getDeclaredMethods0(Native Method) ~[na:1.8.0_60]
	at java.lang.Class.privateGetDeclaredMethods(Class.java:2701) ~[na:1.8.0_60]
	at java.lang.Class.getDeclaredMethods(Class.java:1975) ~[na:1.8.0_60]
	at org.springframework.core.type.StandardAnnotationMetadata.getAnnotatedMethods(StandardAnnotationMetadata.java:158) ~[spring-core-5.0.9.RELEASE.jar:5.0.9.RELEASE]
	... 22 common frames omitted
Caused by: java.lang.ClassNotFoundException: javax.servlet.ServletContext
	at java.net.URLClassLoader.findClass(URLClassLoader.java:381) ~[na:1.8.0_60]
	at java.lang.ClassLoader.loadClass(ClassLoader.java:424) ~[na:1.8.0_60]
	at sun.misc.Launcher$AppClassLoader.loadClass(Launcher.java:331) ~[na:1.8.0_60]
	at java.lang.ClassLoader.loadClass(ClassLoader.java:357) ~[na:1.8.0_60]
	... 26 common frames omitted

2019-04-03 14:31:13.637  INFO 11320 --- [restartedMain] c.e.transport.CityTransportApplication   : Starting CityTransportApplication on 030-ZNXT-WZJ-B with PID 11320 (D:\GitHubDoc\gitdoc\transport\target\classes started by 03010347 in D:\GitHubDoc\gitdoc\transport)
2019-04-03 14:31:13.817  INFO 11320 --- [restartedMain] c.e.transport.CityTransportApplication   : The following profiles are active: dev
2019-04-03 14:31:13.877  INFO 11320 --- [restartedMain] s.c.a.AnnotationConfigApplicationContext : Refreshing org.springframework.context.annotation.AnnotationConfigApplicationContext@1b1dbe3b: startup date [Wed Apr 03 14:31:13 CST 2019]; root of context hierarchy
2019-04-03 14:31:15.458  WARN 11320 --- [restartedMain] s.c.a.AnnotationConfigApplicationContext : Exception encountered during context initialization - cancelling refresh attempt: org.springframework.beans.factory.BeanDefinitionStoreException: Failed to parse configuration class [com.example.transport.CityTransportApplication]; nested exception is java.lang.IllegalStateException: Failed to introspect annotated methods on class org.springframework.boot.web.servlet.support.SpringBootServletInitializer
2019-04-03 14:31:15.468  INFO 11320 --- [restartedMain] ConditionEvaluationReportLoggingListener : 

Error starting ApplicationContext. To display the conditions report re-run your application with 'debug' enabled.
2019-04-03 14:31:15.478 ERROR 11320 --- [restartedMain] o.s.boot.SpringApplication               : Application run failed

org.springframework.beans.factory.BeanDefinitionStoreException: Failed to parse configuration class [com.example.transport.CityTransportApplication]; nested exception is java.lang.IllegalStateException: Failed to introspect annotated methods on class org.springframework.boot.web.servlet.support.SpringBootServletInitializer
	at org.springframework.context.annotation.ConfigurationClassParser.parse(ConfigurationClassParser.java:184) ~[spring-context-5.0.9.RELEASE.jar:5.0.9.RELEASE]
	at org.springframework.context.annotation.ConfigurationClassPostProcessor.processConfigBeanDefinitions(ConfigurationClassPostProcessor.java:316) ~[spring-context-5.0.9.RELEASE.jar:5.0.9.RELEASE]
	at org.springframework.context.annotation.ConfigurationClassPostProcessor.postProcessBeanDefinitionRegistry(ConfigurationClassPostProcessor.java:233) ~[spring-context-5.0.9.RELEASE.jar:5.0.9.RELEASE]
	at org.springframework.context.support.PostProcessorRegistrationDelegate.invokeBeanDefinitionRegistryPostProcessors(PostProcessorRegistrationDelegate.java:271) ~[spring-context-5.0.9.RELEASE.jar:5.0.9.RELEASE]
	at org.springframework.context.support.PostProcessorRegistrationDelegate.invokeBeanFactoryPostProcessors(PostProcessorRegistrationDelegate.java:91) ~[spring-context-5.0.9.RELEASE.jar:5.0.9.RELEASE]
	at org.springframework.context.support.AbstractApplicationContext.invokeBeanFactoryPostProcessors(AbstractApplicationContext.java:694) ~[spring-context-5.0.9.RELEASE.jar:5.0.9.RELEASE]
	at org.springframework.context.support.AbstractApplicationContext.refresh(AbstractApplicationContext.java:532) ~[spring-context-5.0.9.RELEASE.jar:5.0.9.RELEASE]
	at org.springframework.boot.SpringApplication.refresh(SpringApplication.java:780) [spring-boot-2.0.5.RELEASE.jar:2.0.5.RELEASE]
	at org.springframework.boot.SpringApplication.refreshContext(SpringApplication.java:412) [spring-boot-2.0.5.RELEASE.jar:2.0.5.RELEASE]
	at org.springframework.boot.SpringApplication.run(SpringApplication.java:333) [spring-boot-2.0.5.RELEASE.jar:2.0.5.RELEASE]
	at org.springframework.boot.SpringApplication.run(SpringApplication.java:1277) [spring-boot-2.0.5.RELEASE.jar:2.0.5.RELEASE]
	at org.springframework.boot.SpringApplication.run(SpringApplication.java:1265) [spring-boot-2.0.5.RELEASE.jar:2.0.5.RELEASE]
	at com.example.transport.CityTransportApplication.main(CityTransportApplication.java:33) [classes/:na]
	at sun.reflect.NativeMethodAccessorImpl.invoke0(Native Method) ~[na:1.8.0_60]
	at sun.reflect.NativeMethodAccessorImpl.invoke(NativeMethodAccessorImpl.java:62) ~[na:1.8.0_60]
	at sun.reflect.DelegatingMethodAccessorImpl.invoke(DelegatingMethodAccessorImpl.java:43) ~[na:1.8.0_60]
	at java.lang.reflect.Method.invoke(Method.java:497) ~[na:1.8.0_60]
	at org.springframework.boot.devtools.restart.RestartLauncher.run(RestartLauncher.java:49) [spring-boot-devtools-2.0.5.RELEASE.jar:2.0.5.RELEASE]
Caused by: java.lang.IllegalStateException: Failed to introspect annotated methods on class org.springframework.boot.web.servlet.support.SpringBootServletInitializer
	at org.springframework.core.type.StandardAnnotationMetadata.getAnnotatedMethods(StandardAnnotationMetadata.java:169) ~[spring-core-5.0.9.RELEASE.jar:5.0.9.RELEASE]
	at org.springframework.context.annotation.ConfigurationClassParser.retrieveBeanMethodMetadata(ConfigurationClassParser.java:393) ~[spring-context-5.0.9.RELEASE.jar:5.0.9.RELEASE]
	at org.springframework.context.annotation.ConfigurationClassParser.doProcessConfigurationClass(ConfigurationClassParser.java:318) ~[spring-context-5.0.9.RELEASE.jar:5.0.9.RELEASE]
	at org.springframework.context.annotation.ConfigurationClassParser.processConfigurationClass(ConfigurationClassParser.java:245) ~[spring-context-5.0.9.RELEASE.jar:5.0.9.RELEASE]
	at org.springframework.context.annotation.ConfigurationClassParser.parse(ConfigurationClassParser.java:202) ~[spring-context-5.0.9.RELEASE.jar:5.0.9.RELEASE]
	at org.springframework.context.annotation.ConfigurationClassParser.parse(ConfigurationClassParser.java:170) ~[spring-context-5.0.9.RELEASE.jar:5.0.9.RELEASE]
	... 17 common frames omitted
Caused by: java.lang.NoClassDefFoundError: javax/servlet/ServletContext
	at java.lang.Class.getDeclaredMethods0(Native Method) ~[na:1.8.0_60]
	at java.lang.Class.privateGetDeclaredMethods(Class.java:2701) ~[na:1.8.0_60]
	at java.lang.Class.getDeclaredMethods(Class.java:1975) ~[na:1.8.0_60]
	at org.springframework.core.type.StandardAnnotationMetadata.getAnnotatedMethods(StandardAnnotationMetadata.java:158) ~[spring-core-5.0.9.RELEASE.jar:5.0.9.RELEASE]
	... 22 common frames omitted
Caused by: java.lang.ClassNotFoundException: javax.servlet.ServletContext
	at java.net.URLClassLoader.findClass(URLClassLoader.java:381) ~[na:1.8.0_60]
	at java.lang.ClassLoader.loadClass(ClassLoader.java:424) ~[na:1.8.0_60]
	at sun.misc.Launcher$AppClassLoader.loadClass(Launcher.java:331) ~[na:1.8.0_60]
	at java.lang.ClassLoader.loadClass(ClassLoader.java:357) ~[na:1.8.0_60]
	... 26 common frames omitted

2019-04-03 14:31:46.408  INFO 12188 --- [restartedMain] c.e.transport.CityTransportApplication   : Starting CityTransportApplication on 030-ZNXT-WZJ-B with PID 12188 (D:\GitHubDoc\gitdoc\transport\target\classes started by 03010347 in D:\GitHubDoc\gitdoc\transport)
2019-04-03 14:31:46.408  INFO 12188 --- [restartedMain] c.e.transport.CityTransportApplication   : The following profiles are active: dev
2019-04-03 14:31:46.498  INFO 12188 --- [restartedMain] ConfigServletWebServerApplicationContext : Refreshing org.springframework.boot.web.servlet.context.AnnotationConfigServletWebServerApplicationContext@a91edcf: startup date [Wed Apr 03 14:31:46 CST 2019]; root of context hierarchy
2019-04-03 14:31:48.958  INFO 12188 --- [restartedMain] .s.d.r.c.RepositoryConfigurationDelegate : Multiple Spring Data modules found, entering strict repository configuration mode!
2019-04-03 14:31:49.518  INFO 12188 --- [restartedMain] trationDelegate$BeanPostProcessorChecker : Bean 'org.springframework.transaction.annotation.ProxyTransactionManagementConfiguration' of type [org.springframework.transaction.annotation.ProxyTransactionManagementConfiguration$$EnhancerBySpringCGLIB$$156cf9fc] is not eligible for getting processed by all BeanPostProcessors (for example: not eligible for auto-proxying)
2019-04-03 14:31:50.299  INFO 12188 --- [restartedMain] o.s.b.w.embedded.tomcat.TomcatWebServer  : Tomcat initialized with port(s): 8560 (http)
2019-04-03 14:31:50.369  INFO 12188 --- [restartedMain] o.apache.catalina.core.StandardService   : Starting service [Tomcat]
2019-04-03 14:31:50.369  INFO 12188 --- [restartedMain] org.apache.catalina.core.StandardEngine  : Starting Servlet Engine: Apache Tomcat/8.5.34
2019-04-03 14:31:50.389  INFO 12188 --- [localhost-startStop-1] o.a.catalina.core.AprLifecycleListener   : The APR based Apache Tomcat Native library which allows optimal performance in production environments was not found on the java.library.path: [D:\java64_1.8\bin;C:\Windows\Sun\Java\bin;C:\Windows\system32;C:\Windows;D:\mysql-5.7.19-winx64\bin;D:\java64_1.8\bin;D:\java64_1.8\jre\bin;C:\Windows\system32;C:\Windows;C:\Windows\System32\Wbem;C:\Windows\System32\WindowsPowerShell\v1.0\;C:\Program Files\Intel\WiFi\bin\;C:\Program Files\Common Files\Intel\WirelessCommon\;C:\Program Files\Git\cmd;D:\Anaconda2;D:\Anaconda2\Scripts;D:\Anaconda2\Library\bin;D:\node-v6.11.3-win-x64;D:\androiddoc\Android\Sdk\platform-tools;C:\Program Files\Microsoft\Web Platform Installer\;D:\apache-ant-1.10.1\bin;D:\PhoneGap\PhoneGap Desktop;E:\dllorjars\python\boost_1_65_1;E:\dllorjars\python\boost_1_65_1\stage\lib;D:\python36;C:\Program Files\Microsoft SQL Server\120\Tools\Binn\;C:\Program Files (x86)\Windows Kits\8.1\Windows Performance Toolkit\;C:\Program Files\Microsoft SQL Server\110\Tools\Binn\;D:\apache-maven-3.5.4-bin\apache-maven-3.5.4\bin;D:\MATLAB\MATLAB Compiler Runtime\v83\runtime\win64;;D:\Docker Toolbox;.bin;D:\Microsoft VS Code\bin;.]
2019-04-03 14:31:50.770  INFO 12188 --- [localhost-startStop-1] o.a.c.c.C.[.[localhost].[/transport]     : Initializing Spring embedded WebApplicationContext
2019-04-03 14:31:50.770  INFO 12188 --- [localhost-startStop-1] o.s.web.context.ContextLoader            : Root WebApplicationContext: initialization completed in 4272 ms
2019-04-03 14:31:50.830  INFO 12188 --- [localhost-startStop-1] o.s.b.w.servlet.ServletRegistrationBean  : Servlet dispatcherServlet mapped to [/]
2019-04-03 14:31:50.830  INFO 12188 --- [localhost-startStop-1] o.s.b.w.servlet.FilterRegistrationBean   : Mapping filter: 'characterEncodingFilter' to: [/*]
2019-04-03 14:31:50.830  INFO 12188 --- [localhost-startStop-1] o.s.b.w.servlet.FilterRegistrationBean   : Mapping filter: 'corsFilter' to: [/*]
2019-04-03 14:31:51.920  INFO 12188 --- [restartedMain] com.alibaba.druid.pool.DruidDataSource   : {dataSource-1} inited
2019-04-03 14:31:53.000  INFO 12188 --- [restartedMain] io.lettuce.core.EpollProvider            : Starting without optional epoll library
2019-04-03 14:31:53.000  INFO 12188 --- [restartedMain] io.lettuce.core.KqueueProvider           : Starting without optional kqueue library
2019-04-03 14:31:54.651  INFO 12188 --- [restartedMain] s.w.s.m.m.a.RequestMappingHandlerMapping : Mapped "{[/api/addorupdatecompany],methods=[POST]}" onto public org.springframework.http.ResponseEntity<com.example.transport.util.JsonResult> com.example.transport.api.CompanyApi.AddCompany(java.lang.Integer,java.lang.String,java.lang.String,java.lang.String,java.lang.String,java.lang.String,java.lang.String,java.lang.String,java.lang.Integer,java.lang.String,java.lang.String,java.lang.String,java.lang.String,java.lang.Integer,javax.servlet.http.HttpServletRequest)
2019-04-03 14:31:54.651  INFO 12188 --- [restartedMain] s.w.s.m.m.a.RequestMappingHandlerMapping : Mapped "{[/api/deletecompany],methods=[GET]}" onto public org.springframework.http.ResponseEntity<com.example.transport.util.JsonResult> com.example.transport.api.CompanyApi.DeleteCompany(java.lang.Integer,javax.servlet.http.HttpServletRequest)
2019-04-03 14:31:54.651  INFO 12188 --- [restartedMain] s.w.s.m.m.a.RequestMappingHandlerMapping : Mapped "{[/api/getcompaniescount],methods=[GET]}" onto public org.springframework.http.ResponseEntity<com.example.transport.util.JsonResult> com.example.transport.api.CompanyApi.GetCompaniesNum()
2019-04-03 14:31:54.651  INFO 12188 --- [restartedMain] s.w.s.m.m.a.RequestMappingHandlerMapping : Mapped "{[/api/searchcompany],methods=[POST]}" onto public org.springframework.http.ResponseEntity<com.example.transport.util.JsonResult> com.example.transport.api.CompanyApi.SearchCompany(javax.servlet.http.HttpServletRequest)
2019-04-03 14:31:54.661  INFO 12188 --- [restartedMain] s.w.s.m.m.a.RequestMappingHandlerMapping : Mapped "{[/api/getallcompany],methods=[GET]}" onto public org.springframework.http.ResponseEntity<com.example.transport.util.JsonResult> com.example.transport.api.CompanyApi.GetAllCompany(javax.servlet.http.HttpServletRequest)
2019-04-03 14:31:54.661  INFO 12188 --- [restartedMain] s.w.s.m.m.a.RequestMappingHandlerMapping : Mapped "{[/api/getalllines],methods=[GET]}" onto public org.springframework.http.ResponseEntity<com.example.transport.util.JsonResult> com.example.transport.api.CompanyApi.GetAllLines()
2019-04-03 14:31:54.661  INFO 12188 --- [restartedMain] s.w.s.m.m.a.RequestMappingHandlerMapping : Mapped "{[/api/uploadimage],methods=[POST],consumes=[multipart/form-data]}" onto public org.springframework.http.ResponseEntity<com.example.transport.util.JsonResult> com.example.transport.api.CompanyApi.UploadImage(org.springframework.web.multipart.MultipartFile,javax.servlet.http.HttpServletRequest)
2019-04-03 14:31:54.661  INFO 12188 --- [restartedMain] s.w.s.m.m.a.RequestMappingHandlerMapping : Mapped "{[/api/searchcompanybyid],methods=[GET]}" onto public org.springframework.http.ResponseEntity<com.example.transport.util.JsonResult> com.example.transport.api.CompanyApi.GetCompanyById(java.lang.Integer,javax.servlet.http.HttpServletRequest)
2019-04-03 14:31:54.661  INFO 12188 --- [restartedMain] s.w.s.m.m.a.RequestMappingHandlerMapping : Mapped "{[/api/get2companyunbills],methods=[GET]}" onto public org.springframework.http.ResponseEntity<com.example.transport.util.JsonResult> com.example.transport.api.CompanyApi.search2Unbills(java.lang.String,java.lang.String,javax.servlet.http.HttpServletRequest)
2019-04-03 14:31:54.661  INFO 12188 --- [restartedMain] s.w.s.m.m.a.RequestMappingHandlerMapping : Mapped "{[/api/finishcompanybill],methods=[POST]}" onto public org.springframework.http.ResponseEntity<com.example.transport.util.JsonResult> com.example.transport.api.CompanyApi.finishBill(long,javax.servlet.http.HttpServletRequest)
2019-04-03 14:31:54.661  INFO 12188 --- [restartedMain] s.w.s.m.m.a.RequestMappingHandlerMapping : Mapped "{[/api/deletecompanybill],methods=[POST]}" onto public org.springframework.http.ResponseEntity<com.example.transport.util.JsonResult> com.example.transport.api.CompanyApi.deleteSenderbill(long,javax.servlet.http.HttpServletRequest)
2019-04-03 14:31:54.661  INFO 12188 --- [restartedMain] s.w.s.m.m.a.RequestMappingHandlerMapping : Mapped "{[/api/confirmcompanybill],methods=[POST]}" onto public org.springframework.http.ResponseEntity<com.example.transport.util.JsonResult> com.example.transport.api.CompanyApi.payBill(long,javax.servlet.http.HttpServletRequest)
2019-04-03 14:31:54.661  INFO 12188 --- [restartedMain] s.w.s.m.m.a.RequestMappingHandlerMapping : Mapped "{[/api/getcompanybillimg],methods=[GET]}" onto public org.springframework.http.ResponseEntity<com.example.transport.util.JsonResult> com.example.transport.api.CompanyApi.getImg(java.lang.Integer,javax.servlet.http.HttpServletRequest)
2019-04-03 14:31:54.661  INFO 12188 --- [restartedMain] s.w.s.m.m.a.RequestMappingHandlerMapping : Mapped "{[/api/getimagepath],methods=[GET]}" onto public org.springframework.http.ResponseEntity<com.example.transport.util.JsonResult> com.example.transport.api.CompanyApi.GetCompanyImagePath(javax.servlet.http.HttpServletRequest)
2019-04-03 14:31:54.661  INFO 12188 --- [restartedMain] s.w.s.m.m.a.RequestMappingHandlerMapping : Mapped "{[/api/admincheckcompany],methods=[POST]}" onto public org.springframework.http.ResponseEntity<com.example.transport.util.JsonResult> com.example.transport.api.CompanyApi.adminCheckCompany(java.lang.Integer,java.lang.Boolean,javax.servlet.http.HttpServletRequest)
2019-04-03 14:31:54.671  INFO 12188 --- [restartedMain] s.w.s.m.m.a.RequestMappingHandlerMapping : Mapped "{[/api/createcompanybill],methods=[POST]}" onto public org.springframework.http.ResponseEntity<com.example.transport.util.JsonResult> com.example.transport.api.CompanyApi.createCompanyBill(java.lang.String,java.lang.Long,java.lang.String,java.lang.String,java.lang.String,java.lang.String,java.lang.Integer,java.lang.String,java.lang.String,java.lang.String,java.lang.String,java.lang.String,double,javax.servlet.http.HttpServletRequest)
2019-04-03 14:31:54.671  INFO 12188 --- [restartedMain] s.w.s.m.m.a.RequestMappingHandlerMapping : Mapped "{[/api/updatecompanybill],methods=[POST]}" onto public org.springframework.http.ResponseEntity<com.example.transport.util.JsonResult> com.example.transport.api.CompanyApi.updateCompanyBill(java.lang.String,java.lang.Integer,java.lang.String,java.lang.String,java.lang.String,java.lang.String,java.lang.Integer,java.lang.String,java.lang.String,java.lang.String,java.lang.String,java.lang.String,java.lang.String,java.lang.String,double,javax.servlet.http.HttpServletRequest)
2019-04-03 14:31:54.671  INFO 12188 --- [restartedMain] s.w.s.m.m.a.RequestMappingHandlerMapping : Mapped "{[/api/getcompanybillbynameortel],methods=[GET]}" onto public org.springframework.http.ResponseEntity<com.example.transport.util.JsonResult> com.example.transport.api.CompanyApi.searchBillByNameOrTel(int,int,int,java.lang.String,javax.servlet.http.HttpServletRequest)
2019-04-03 14:31:54.671  INFO 12188 --- [restartedMain] s.w.s.m.m.a.RequestMappingHandlerMapping : Mapped "{[/api/receivecompanybill],methods=[POST]}" onto public org.springframework.http.ResponseEntity<com.example.transport.util.JsonResult> com.example.transport.api.CompanyApi.updateBillSetTrans_id(long,javax.servlet.http.HttpServletRequest)
2019-04-03 14:31:54.671  INFO 12188 --- [restartedMain] s.w.s.m.m.a.RequestMappingHandlerMapping : Mapped "{[/api/getcompanytabbill],methods=[GET]}" onto public org.springframework.http.ResponseEntity<com.example.transport.util.JsonResult> com.example.transport.api.CompanyApi.searchCompanyUnfinishBillByUserId(int,int,int,javax.servlet.http.HttpServletRequest)
2019-04-03 14:31:54.671  INFO 12188 --- [restartedMain] s.w.s.m.m.a.RequestMappingHandlerMapping : Mapped "{[/api/getcompanyunfinishbill],methods=[GET]}" onto public org.springframework.http.ResponseEntity<com.example.transport.util.JsonResult> com.example.transport.api.CompanyApi.searchunfinishCompanyBillByUserId(javax.servlet.http.HttpServletRequest)
2019-04-03 14:31:54.671  INFO 12188 --- [restartedMain] s.w.s.m.m.a.RequestMappingHandlerMapping : Mapped "{[/api/getcompanyfinishedbill],methods=[GET]}" onto public org.springframework.http.ResponseEntity<com.example.transport.util.JsonResult> com.example.transport.api.CompanyApi.searchFinishedCompanyBillByUserId(javax.servlet.http.HttpServletRequest)
2019-04-03 14:31:54.671  INFO 12188 --- [restartedMain] s.w.s.m.m.a.RequestMappingHandlerMapping : Mapped "{[/api/getcompanylines],methods=[GET]}" onto public org.springframework.http.ResponseEntity<com.example.transport.util.JsonResult> com.example.transport.api.CompanyLinesApi.getCompanyLines(java.lang.Integer,javax.servlet.http.HttpServletRequest)
2019-04-03 14:31:54.671  INFO 12188 --- [restartedMain] s.w.s.m.m.a.RequestMappingHandlerMapping : Mapped "{[/api/addorupdatecompanylines],methods=[GET]}" onto public org.springframework.http.ResponseEntity<com.example.transport.util.JsonResult> com.example.transport.api.CompanyLinesApi.AddOrUpdateCompanyLines(java.lang.Integer,java.lang.Integer,java.lang.String,java.lang.Integer,javax.servlet.http.HttpServletRequest)
2019-04-03 14:31:54.681  INFO 12188 --- [restartedMain] s.w.s.m.m.a.RequestMappingHandlerMapping : Mapped "{[/api/deletecompanylines],methods=[GET]}" onto public org.springframework.http.ResponseEntity<com.example.transport.util.JsonResult> com.example.transport.api.CompanyLinesApi.DeleteCompanyLines(java.lang.Integer,javax.servlet.http.HttpServletRequest)
2019-04-03 14:31:54.681  INFO 12188 --- [restartedMain] s.w.s.m.m.a.RequestMappingHandlerMapping : Mapped "{[/api/getcompanylinesbyid],methods=[GET]}" onto public org.springframework.http.ResponseEntity<com.example.transport.util.JsonResult> com.example.transport.api.CompanyLinesApi.getCompanyLinesById(java.lang.Integer,javax.servlet.http.HttpServletRequest)
2019-04-03 14:31:54.681  INFO 12188 --- [restartedMain] s.w.s.m.m.a.RequestMappingHandlerMapping : Mapped "{[/api/getrolelist],methods=[GET]}" onto public org.springframework.http.ResponseEntity<com.example.transport.util.JsonResult> com.example.transport.api.RoleApi.GetRoleList()
2019-04-03 14:31:54.681  INFO 12188 --- [restartedMain] s.w.s.m.m.a.RequestMappingHandlerMapping : Mapped "{[/api/get2unbills],methods=[GET]}" onto public org.springframework.http.ResponseEntity<com.example.transport.util.JsonResult> com.example.transport.api.SenderBillApi.search2Unbills(java.lang.String,java.lang.String,javax.servlet.http.HttpServletRequest)
2019-04-03 14:31:54.681  INFO 12188 --- [restartedMain] s.w.s.m.m.a.RequestMappingHandlerMapping : Mapped "{[/api/finishbill],methods=[POST]}" onto public org.springframework.http.ResponseEntity<com.example.transport.util.JsonResult> com.example.transport.api.SenderBillApi.finishBill(long,java.lang.String,java.lang.Double,javax.servlet.http.HttpServletRequest)
2019-04-03 14:31:54.681  INFO 12188 --- [restartedMain] s.w.s.m.m.a.RequestMappingHandlerMapping : Mapped "{[/api/deletesenderbill],methods=[POST]}" onto public org.springframework.http.ResponseEntity<com.example.transport.util.JsonResult> com.example.transport.api.SenderBillApi.deleteSenderbill(long,javax.servlet.http.HttpServletRequest)
2019-04-03 14:31:54.681  INFO 12188 --- [restartedMain] s.w.s.m.m.a.RequestMappingHandlerMapping : Mapped "{[/api/paybill],methods=[POST]}" onto public org.springframework.http.ResponseEntity<com.example.transport.util.JsonResult> com.example.transport.api.SenderBillApi.payBill(long,javax.servlet.http.HttpServletRequest)
2019-04-03 14:31:54.681  INFO 12188 --- [restartedMain] s.w.s.m.m.a.RequestMappingHandlerMapping : Mapped "{[/api/pushbase],methods=[POST]}" onto public java.lang.String com.example.transport.api.SenderBillApi.getImg(java.lang.String,javax.servlet.http.HttpServletRequest)
2019-04-03 14:31:54.681  INFO 12188 --- [restartedMain] s.w.s.m.m.a.RequestMappingHandlerMapping : Mapped "{[/api/getImg],methods=[GET]}" onto public org.springframework.http.ResponseEntity<com.example.transport.util.JsonResult> com.example.transport.api.SenderBillApi.getImg(java.lang.Integer,javax.servlet.http.HttpServletRequest)
2019-04-03 14:31:54.681  INFO 12188 --- [restartedMain] s.w.s.m.m.a.RequestMappingHandlerMapping : Mapped "{[/api/createbill],methods=[POST]}" onto public org.springframework.http.ResponseEntity<com.example.transport.util.JsonResult> com.example.transport.api.SenderBillApi.createBill(java.lang.String,java.lang.String,java.lang.Integer,java.lang.String,int,java.lang.String,java.lang.String,java.lang.String,java.lang.String,java.lang.String,java.lang.String,java.lang.String,java.lang.String,java.lang.String,java.lang.String,java.lang.String,java.lang.String,double,int,java.lang.String,int,int,double,int,javax.servlet.http.HttpServletRequest)
2019-04-03 14:31:54.691  INFO 12188 --- [restartedMain] s.w.s.m.m.a.RequestMappingHandlerMapping : Mapped "{[/api/getbatchbill],methods=[GET]}" onto public org.springframework.http.ResponseEntity<com.example.transport.util.JsonResult> com.example.transport.api.SenderBillApi.searchBatchBill(javax.servlet.http.HttpServletRequest)
2019-04-03 14:31:54.691  INFO 12188 --- [restartedMain] s.w.s.m.m.a.RequestMappingHandlerMapping : Mapped "{[/api/getunfinishedpagebills],methods=[GET]}" onto public org.springframework.http.ResponseEntity<com.example.transport.util.JsonResult> com.example.transport.api.SenderBillApi.searchBatchBill(int,int,javax.servlet.http.HttpServletRequest)
2019-04-03 14:31:54.691  INFO 12188 --- [restartedMain] s.w.s.m.m.a.RequestMappingHandlerMapping : Mapped "{[/api/getbill],methods=[GET]}" onto public org.springframework.http.ResponseEntity<com.example.transport.util.JsonResult> com.example.transport.api.SenderBillApi.searchBillById(long,javax.servlet.http.HttpServletRequest)
2019-04-03 14:31:54.691  INFO 12188 --- [restartedMain] s.w.s.m.m.a.RequestMappingHandlerMapping : Mapped "{[/api/senderupdatebill],methods=[POST]}" onto public org.springframework.http.ResponseEntity<com.example.transport.util.JsonResult> com.example.transport.api.SenderBillApi.updateBill(long,java.lang.String,java.lang.String,int,java.lang.String,int,java.lang.String,java.lang.String,int,java.lang.String,java.lang.String,java.lang.String,java.lang.String,java.lang.String,java.lang.String,java.lang.String,java.lang.String,java.lang.String,java.lang.String,double,int,int,int,double,int,javax.servlet.http.HttpServletRequest)
2019-04-03 14:31:54.691  INFO 12188 --- [restartedMain] s.w.s.m.m.a.RequestMappingHandlerMapping : Mapped "{[/api/getallunbills],methods=[GET]}" onto public org.springframework.http.ResponseEntity<com.example.transport.util.JsonResult> com.example.transport.api.SenderBillApi.searchAllUnbills(javax.servlet.http.HttpServletRequest)
2019-04-03 14:31:54.691  INFO 12188 --- [restartedMain] s.w.s.m.m.a.RequestMappingHandlerMapping : Mapped "{[/api/savebatchbills],methods=[POST]}" onto public org.springframework.http.ResponseEntity<com.example.transport.util.JsonResult> com.example.transport.api.SenderBillApi.saveBatchBills(javax.servlet.http.HttpServletRequest)
2019-04-03 14:31:54.691  INFO 12188 --- [restartedMain] s.w.s.m.m.a.RequestMappingHandlerMapping : Mapped "{[/api/createbatchbills],methods=[POST]}" onto public org.springframework.http.ResponseEntity<com.example.transport.util.JsonResult> com.example.transport.api.SenderBillApi.createBatchBills(java.util.List<com.example.transport.pojo.SysBill_s>,javax.servlet.http.HttpServletRequest)
2019-04-03 14:31:54.691  INFO 12188 --- [restartedMain] s.w.s.m.m.a.RequestMappingHandlerMapping : Mapped "{[/api/getbillbynameortel],methods=[GET]}" onto public org.springframework.http.ResponseEntity<com.example.transport.util.JsonResult> com.example.transport.api.SenderBillApi.searchBillByNameOrTel(int,int,int,java.lang.String,javax.servlet.http.HttpServletRequest)
2019-04-03 14:31:54.691  INFO 12188 --- [restartedMain] s.w.s.m.m.a.RequestMappingHandlerMapping : Mapped "{[/api/receivebill],methods=[POST]}" onto public org.springframework.http.ResponseEntity<com.example.transport.util.JsonResult> com.example.transport.api.SenderBillApi.updateBillSetTrans_id(long,javax.servlet.http.HttpServletRequest)
2019-04-03 14:31:54.701  INFO 12188 --- [restartedMain] s.w.s.m.m.a.RequestMappingHandlerMapping : Mapped "{[/api/getuserbill],methods=[GET]}" onto public org.springframework.http.ResponseEntity<com.example.transport.util.JsonResult> com.example.transport.api.SenderBillApi.searchBillByUserId(long,javax.servlet.http.HttpServletRequest)
2019-04-03 14:31:54.701  INFO 12188 --- [restartedMain] s.w.s.m.m.a.RequestMappingHandlerMapping : Mapped "{[/api/getuserunfinishbill],methods=[GET]}" onto public org.springframework.http.ResponseEntity<com.example.transport.util.JsonResult> com.example.transport.api.SenderBillApi.searchunfinishBillByUserId(javax.servlet.http.HttpServletRequest)
2019-04-03 14:31:54.701  INFO 12188 --- [restartedMain] s.w.s.m.m.a.RequestMappingHandlerMapping : Mapped "{[/api/getusertabbill],methods=[GET]}" onto public org.springframework.http.ResponseEntity<com.example.transport.util.JsonResult> com.example.transport.api.SenderBillApi.searchunfinishBillByUserId(int,int,int,javax.servlet.http.HttpServletRequest)
2019-04-03 14:31:54.701  INFO 12188 --- [restartedMain] s.w.s.m.m.a.RequestMappingHandlerMapping : Mapped "{[/api/getuserfinishedbill],methods=[GET]}" onto public org.springframework.http.ResponseEntity<com.example.transport.util.JsonResult> com.example.transport.api.SenderBillApi.searchFinishedsBillByUserId(javax.servlet.http.HttpServletRequest)
2019-04-03 14:31:54.701  INFO 12188 --- [restartedMain] s.w.s.m.m.a.RequestMappingHandlerMapping : Mapped "{[/api/getunfinishbillbyarea],methods=[GET]}" onto public org.springframework.http.ResponseEntity<com.example.transport.util.JsonResult> com.example.transport.api.SenderBillApi.getUnfinishBillByArea(java.lang.String,java.lang.String,javax.servlet.http.HttpServletRequest)
2019-04-03 14:31:54.701  INFO 12188 --- [restartedMain] s.w.s.m.m.a.RequestMappingHandlerMapping : Mapped "{[/api/getfinishedbillbycompanyid],methods=[GET]}" onto public org.springframework.http.ResponseEntity<com.example.transport.util.JsonResult> com.example.transport.api.SenderBillApi.getFinishedBillByCompanyId(java.lang.Integer,javax.servlet.http.HttpServletRequest)
2019-04-03 14:31:54.701  INFO 12188 --- [restartedMain] s.w.s.m.m.a.RequestMappingHandlerMapping : Mapped "{[/api/getunfinishedbillbycompanyid],methods=[GET]}" onto public org.springframework.http.ResponseEntity<com.example.transport.util.JsonResult> com.example.transport.api.SenderBillApi.getUnFinishedBillByCompanyId(java.lang.Integer,javax.servlet.http.HttpServletRequest)
2019-04-03 14:31:54.701  INFO 12188 --- [restartedMain] s.w.s.m.m.a.RequestMappingHandlerMapping : Mapped "{[/api/admincheckshop],methods=[POST]}" onto public org.springframework.http.ResponseEntity<com.example.transport.util.JsonResult> com.example.transport.api.ShopApi.adminCheckShop(java.lang.Integer,java.lang.Boolean,javax.servlet.http.HttpServletRequest)
2019-04-03 14:31:54.701  INFO 12188 --- [restartedMain] s.w.s.m.m.a.RequestMappingHandlerMapping : Mapped "{[/api/getallshops],methods=[GET]}" onto public org.springframework.http.ResponseEntity<com.example.transport.util.JsonResult> com.example.transport.api.ShopApi.GetShops(javax.servlet.http.HttpServletRequest)
2019-04-03 14:31:54.701  INFO 12188 --- [restartedMain] s.w.s.m.m.a.RequestMappingHandlerMapping : Mapped "{[/api/addorupdateshop],methods=[POST]}" onto public org.springframework.http.ResponseEntity<com.example.transport.util.JsonResult> com.example.transport.api.ShopApi.AddShop(java.lang.Integer,java.lang.String,java.lang.String,java.lang.String,java.lang.String,javax.servlet.http.HttpServletRequest)
2019-04-03 14:31:54.711  INFO 12188 --- [restartedMain] s.w.s.m.m.a.RequestMappingHandlerMapping : Mapped "{[/api/searchshop],methods=[POST]}" onto public org.springframework.http.ResponseEntity<com.example.transport.util.JsonResult> com.example.transport.api.ShopApi.SearchShop(javax.servlet.http.HttpServletRequest)
2019-04-03 14:31:54.711  INFO 12188 --- [restartedMain] s.w.s.m.m.a.RequestMappingHandlerMapping : Mapped "{[/api/updateaddr],methods=[POST]}" onto public org.springframework.http.ResponseEntity<com.example.transport.util.JsonResult> com.example.transport.api.SysUserAddrApi.insertSysUserAddr(long,java.lang.String,java.lang.String,java.lang.String,java.lang.String,int,javax.servlet.http.HttpServletRequest)
2019-04-03 14:31:54.711  INFO 12188 --- [restartedMain] s.w.s.m.m.a.RequestMappingHandlerMapping : Mapped "{[/api/addaddr],methods=[POST]}" onto public org.springframework.http.ResponseEntity<com.example.transport.util.JsonResult> com.example.transport.api.SysUserAddrApi.insertSysUserAddr(java.lang.String,java.lang.String,java.lang.String,java.lang.String,int,int,javax.servlet.http.HttpServletRequest)
2019-04-03 14:31:54.711  INFO 12188 --- [restartedMain] s.w.s.m.m.a.RequestMappingHandlerMapping : Mapped "{[/api/searchaddr],methods=[GET]}" onto public org.springframework.http.ResponseEntity<com.example.transport.util.JsonResult> com.example.transport.api.SysUserAddrApi.searchSysUserAddr(int,javax.servlet.http.HttpServletRequest)
2019-04-03 14:31:54.711  INFO 12188 --- [restartedMain] s.w.s.m.m.a.RequestMappingHandlerMapping : Mapped "{[/api/deleteaddr],methods=[POST]}" onto public org.springframework.http.ResponseEntity<com.example.transport.util.JsonResult> com.example.transport.api.SysUserAddrApi.deleteSysUserAddr(long,javax.servlet.http.HttpServletRequest)
2019-04-03 14:31:54.711  INFO 12188 --- [restartedMain] s.w.s.m.m.a.RequestMappingHandlerMapping : Mapped "{[/api/adminchecktran],methods=[POST]}" onto public org.springframework.http.ResponseEntity<com.example.transport.util.JsonResult> com.example.transport.api.UserApi.adminCheckShop(java.lang.Integer,java.lang.Boolean,javax.servlet.http.HttpServletRequest)
2019-04-03 14:31:54.711  INFO 12188 --- [restartedMain] s.w.s.m.m.a.RequestMappingHandlerMapping : Mapped "{[/api/getalltrans],methods=[GET]}" onto public org.springframework.http.ResponseEntity<com.example.transport.util.JsonResult> com.example.transport.api.UserApi.GetUsers(javax.servlet.http.HttpServletRequest)
2019-04-03 14:31:54.711  INFO 12188 --- [restartedMain] s.w.s.m.m.a.RequestMappingHandlerMapping : Mapped "{[/api/getuserinfo],methods=[GET]}" onto public org.springframework.http.ResponseEntity<com.example.transport.util.JsonResult> com.example.transport.api.UserApi.GetUserInfo(java.lang.String,javax.servlet.http.HttpServletRequest)
2019-04-03 14:31:54.711  INFO 12188 --- [restartedMain] s.w.s.m.m.a.RequestMappingHandlerMapping : Mapped "{[/wx/wxlogin],methods=[POST]}" onto public org.springframework.http.ResponseEntity<com.example.transport.util.JsonResult> com.example.transport.api.WXUserApi.getSessionKeyOropenid(java.lang.String,java.lang.String,java.lang.String,javax.servlet.http.HttpServletRequest)
2019-04-03 14:31:54.711  INFO 12188 --- [restartedMain] s.w.s.m.m.a.RequestMappingHandlerMapping : Mapped "{[/error]}" onto public java.lang.String com.example.transport.controller.ErrorBaseController.error()
2019-04-03 14:31:54.721  INFO 12188 --- [restartedMain] s.w.s.m.m.a.RequestMappingHandlerMapping : Mapped "{[/order/returnparam]}" onto public void com.example.transport.controller.OrderController.doOrder(javax.servlet.http.HttpServletRequest,javax.servlet.http.HttpServletResponse) throws java.lang.Exception
2019-04-03 14:31:54.721  INFO 12188 --- [restartedMain] s.w.s.m.m.a.RequestMappingHandlerMapping : Mapped "{[/order/buy]}" onto public void com.example.transport.controller.OrderController.Buy(javax.servlet.http.HttpServletRequest,javax.servlet.http.HttpServletResponse) throws java.lang.Exception
2019-04-03 14:31:54.721  INFO 12188 --- [restartedMain] s.w.s.m.m.a.RequestMappingHandlerMapping : Mapped "{[/test/supergantt]}" onto public java.lang.String com.example.transport.controller.TestDataController.supergantt()
2019-04-03 14:31:54.721  INFO 12188 --- [restartedMain] s.w.s.m.m.a.RequestMappingHandlerMapping : Mapped "{[/test/gantt]}" onto public java.lang.String com.example.transport.controller.TestDataController.gantt()
2019-04-03 14:31:54.721  INFO 12188 --- [restartedMain] s.w.s.m.m.a.RequestMappingHandlerMapping : Mapped "{[/logout]}" onto public java.lang.String com.example.transport.controller.UserController.logout(javax.servlet.http.HttpServletRequest)
2019-04-03 14:31:54.721  INFO 12188 --- [restartedMain] s.w.s.m.m.a.RequestMappingHandlerMapping : Mapped "{[/login],methods=[GET]}" onto public void com.example.transport.controller.UserController.login(javax.servlet.http.HttpServletRequest,javax.servlet.http.HttpServletResponse) throws java.io.IOException
2019-04-03 14:31:54.721  INFO 12188 --- [restartedMain] s.w.s.m.m.a.RequestMappingHandlerMapping : Mapped "{[/test]}" onto public java.lang.String com.example.transport.controller.UserController.Test()
2019-04-03 14:31:54.721  INFO 12188 --- [restartedMain] s.w.s.m.m.a.RequestMappingHandlerMapping : Mapped "{[/sublogin],methods=[POST]}" onto public com.example.transport.util.JsonResult com.example.transport.controller.UserController.subLogin(java.lang.String,java.lang.String,javax.servlet.http.HttpServletRequest,org.springframework.ui.Model)
2019-04-03 14:31:54.721  INFO 12188 --- [restartedMain] s.w.s.m.m.a.RequestMappingHandlerMapping : Mapped "{[/api/payment]}" onto public org.springframework.http.ResponseEntity<com.example.transport.util.JsonResult> com.example.transport.wxpaytest.WeiXinPaymentController.payment(java.lang.Integer,java.lang.String,java.lang.String,java.lang.String,javax.servlet.http.HttpServletRequest) throws java.io.UnsupportedEncodingException,org.dom4j.DocumentException
2019-04-03 14:31:54.721  INFO 12188 --- [restartedMain] s.w.s.m.m.a.RequestMappingHandlerMapping : Mapped "{[/api/paycallback]}" onto public void com.example.transport.wxpaytest.WeiXinPaymentController.wxNotify(javax.servlet.http.HttpServletRequest,javax.servlet.http.HttpServletResponse) throws java.lang.Exception
2019-04-03 14:31:54.721  INFO 12188 --- [restartedMain] s.w.s.m.m.a.RequestMappingHandlerMapping : Mapped "{[/api/refundcallback]}" onto public void com.example.transport.wxrefundtest.WXRefundController.refundCallback(javax.servlet.http.HttpServletRequest,javax.servlet.http.HttpServletResponse)
2019-04-03 14:31:54.731  INFO 12188 --- [restartedMain] s.w.s.m.m.a.RequestMappingHandlerMapping : Mapped "{[/api/refund]}" onto public org.springframework.http.ResponseEntity<com.example.transport.util.JsonResult> com.example.transport.wxrefundtest.WXRefundController.refundOrder(java.lang.Integer,java.lang.String,java.lang.String,java.lang.String,javax.servlet.http.HttpServletRequest) throws java.io.UnsupportedEncodingException,org.dom4j.DocumentException
2019-04-03 14:31:54.731  INFO 12188 --- [restartedMain] s.w.s.m.m.a.RequestMappingHandlerMapping : Mapped "{[/v2/api-docs],methods=[GET],produces=[application/json || application/hal+json]}" onto public org.springframework.http.ResponseEntity<springfox.documentation.spring.web.json.Json> springfox.documentation.swagger2.web.Swagger2Controller.getDocumentation(java.lang.String,javax.servlet.http.HttpServletRequest)
2019-04-03 14:31:54.731  INFO 12188 --- [restartedMain] s.w.s.m.m.a.RequestMappingHandlerMapping : Mapped "{[/swagger-resources/configuration/security]}" onto org.springframework.http.ResponseEntity<springfox.documentation.swagger.web.SecurityConfiguration> springfox.documentation.swagger.web.ApiResourceController.securityConfiguration()
2019-04-03 14:31:54.731  INFO 12188 --- [restartedMain] s.w.s.m.m.a.RequestMappingHandlerMapping : Mapped "{[/swagger-resources]}" onto org.springframework.http.ResponseEntity<java.util.List<springfox.documentation.swagger.web.SwaggerResource>> springfox.documentation.swagger.web.ApiResourceController.swaggerResources()
2019-04-03 14:31:54.731  INFO 12188 --- [restartedMain] s.w.s.m.m.a.RequestMappingHandlerMapping : Mapped "{[/swagger-resources/configuration/ui]}" onto org.springframework.http.ResponseEntity<springfox.documentation.swagger.web.UiConfiguration> springfox.documentation.swagger.web.ApiResourceController.uiConfiguration()
2019-04-03 14:31:54.911  INFO 12188 --- [restartedMain] o.s.w.s.handler.SimpleUrlHandlerMapping  : Mapped URL path [/static/**] onto handler of type [class org.springframework.web.servlet.resource.ResourceHttpRequestHandler]
2019-04-03 14:31:54.911  INFO 12188 --- [restartedMain] o.s.w.s.handler.SimpleUrlHandlerMapping  : Mapped URL path [/adminlte/**] onto handler of type [class org.springframework.web.servlet.resource.ResourceHttpRequestHandler]
2019-04-03 14:31:54.911  INFO 12188 --- [restartedMain] o.s.w.s.handler.SimpleUrlHandlerMapping  : Mapped URL path [/js/**] onto handler of type [class org.springframework.web.servlet.resource.ResourceHttpRequestHandler]
2019-04-03 14:31:54.911  INFO 12188 --- [restartedMain] o.s.w.s.handler.SimpleUrlHandlerMapping  : Mapped URL path [/layui/**] onto handler of type [class org.springframework.web.servlet.resource.ResourceHttpRequestHandler]
2019-04-03 14:31:54.911  INFO 12188 --- [restartedMain] o.s.w.s.handler.SimpleUrlHandlerMapping  : Mapped URL path [/img/**] onto handler of type [class org.springframework.web.servlet.resource.ResourceHttpRequestHandler]
2019-04-03 14:31:54.911  INFO 12188 --- [restartedMain] o.s.w.s.handler.SimpleUrlHandlerMapping  : Mapped URL path [/companyimages/**] onto handler of type [class org.springframework.web.servlet.resource.ResourceHttpRequestHandler]
2019-04-03 14:31:54.911  INFO 12188 --- [restartedMain] o.s.w.s.handler.SimpleUrlHandlerMapping  : Mapped URL path [/swagger-ui.html] onto handler of type [class org.springframework.web.servlet.resource.ResourceHttpRequestHandler]
2019-04-03 14:31:54.911  INFO 12188 --- [restartedMain] o.s.w.s.handler.SimpleUrlHandlerMapping  : Mapped URL path [/webjars/**] onto handler of type [class org.springframework.web.servlet.resource.ResourceHttpRequestHandler]
2019-04-03 14:31:55.021  INFO 12188 --- [restartedMain] s.w.s.m.m.a.RequestMappingHandlerAdapter : Looking for @ControllerAdvice: org.springframework.boot.web.servlet.context.AnnotationConfigServletWebServerApplicationContext@a91edcf: startup date [Wed Apr 03 14:31:46 CST 2019]; root of context hierarchy
2019-04-03 14:31:55.081  INFO 12188 --- [restartedMain] .m.m.a.ExceptionHandlerExceptionResolver : Detected @ExceptionHandler methods in errorExceptionHandle
2019-04-03 14:31:56.001  WARN 12188 --- [restartedMain] org.thymeleaf.templatemode.TemplateMode  : [THYMELEAF][restartedMain] Template Mode 'HTML5' is deprecated. Using Template Mode 'HTML' instead.
2019-04-03 14:31:57.651  WARN 12188 --- [restartedMain] o.s.b.d.a.OptionalLiveReloadServer       : Unable to start LiveReload server
2019-04-03 14:31:57.681  INFO 12188 --- [restartedMain] o.s.j.e.a.AnnotationMBeanExporter        : Registering beans for JMX exposure on startup
2019-04-03 14:31:57.691  INFO 12188 --- [restartedMain] o.s.j.e.a.AnnotationMBeanExporter        : Bean with name 'dataSource' has been autodetected for JMX exposure
2019-04-03 14:31:57.691  INFO 12188 --- [restartedMain] o.s.j.e.a.AnnotationMBeanExporter        : Located MBean 'dataSource': registering with JMX server as MBean [com.alibaba.druid.pool:name=dataSource,type=DruidDataSource]
2019-04-03 14:31:57.701  INFO 12188 --- [restartedMain] o.s.c.support.DefaultLifecycleProcessor  : Starting beans in phase 2147483647
2019-04-03 14:31:57.701  INFO 12188 --- [restartedMain] d.s.w.p.DocumentationPluginsBootstrapper : Context refreshed
2019-04-03 14:31:57.711  INFO 12188 --- [restartedMain] d.s.w.p.DocumentationPluginsBootstrapper : Found 1 custom documentation plugin(s)
2019-04-03 14:31:57.722  INFO 12188 --- [restartedMain] s.d.s.w.s.ApiListingReferenceScanner     : Scanning for api listing references
2019-04-03 14:31:58.262  INFO 12188 --- [restartedMain] .d.s.w.r.o.CachingOperationNameGenerator : Generating unique operation named: deleteSenderbillUsingPOST_1
2019-04-03 14:31:58.282  INFO 12188 --- [restartedMain] .d.s.w.r.o.CachingOperationNameGenerator : Generating unique operation named: finishBillUsingPOST_1
2019-04-03 14:31:58.322  INFO 12188 --- [restartedMain] .d.s.w.r.o.CachingOperationNameGenerator : Generating unique operation named: getImgUsingGET_1
2019-04-03 14:31:58.392  INFO 12188 --- [restartedMain] .d.s.w.r.o.CachingOperationNameGenerator : Generating unique operation named: payBillUsingPOST_1
2019-04-03 14:31:58.442  INFO 12188 --- [restartedMain] .d.s.w.r.o.CachingOperationNameGenerator : Generating unique operation named: search2UnbillsUsingGET_1
2019-04-03 14:31:58.502  INFO 12188 --- [restartedMain] .d.s.w.r.o.CachingOperationNameGenerator : Generating unique operation named: searchBatchBillUsingGET_1
2019-04-03 14:31:58.542  INFO 12188 --- [restartedMain] .d.s.w.r.o.CachingOperationNameGenerator : Generating unique operation named: searchBillByNameOrTelUsingGET_1
2019-04-03 14:31:58.622  INFO 12188 --- [restartedMain] .d.s.w.r.o.CachingOperationNameGenerator : Generating unique operation named: searchunfinishBillByUserIdUsingGET_1
2019-04-03 14:31:58.702  INFO 12188 --- [restartedMain] .d.s.w.r.o.CachingOperationNameGenerator : Generating unique operation named: updateBillSetTrans_idUsingPOST_1
2019-04-03 14:31:58.742  INFO 12188 --- [restartedMain] .d.s.w.r.o.CachingOperationNameGenerator : Generating unique operation named: insertSysUserAddrUsingPOST_1
2019-04-03 14:31:58.762  INFO 12188 --- [restartedMain] .d.s.w.r.o.CachingOperationNameGenerator : Generating unique operation named: adminCheckShopUsingPOST_1
2019-04-03 14:31:58.852  INFO 12188 --- [restartedMain] o.s.b.w.embedded.tomcat.TomcatWebServer  : Tomcat started on port(s): 8560 (http) with context path '/transport'
2019-04-03 14:31:58.862  INFO 12188 --- [restartedMain] c.e.transport.CityTransportApplication   : Started CityTransportApplication in 13.164 seconds (JVM running for 14.643)
2019-04-03 14:32:22.449  INFO 12188 --- [http-nio-8560-exec-1] o.a.c.c.C.[.[localhost].[/transport]     : Initializing Spring FrameworkServlet 'dispatcherServlet'
2019-04-03 14:32:22.450  INFO 12188 --- [http-nio-8560-exec-1] o.s.web.servlet.DispatcherServlet        : FrameworkServlet 'dispatcherServlet': initialization started
2019-04-03 14:32:22.599  INFO 12188 --- [http-nio-8560-exec-1] o.s.web.servlet.DispatcherServlet        : FrameworkServlet 'dispatcherServlet': initialization completed in 148 ms
2019-04-03 14:32:22.648  WARN 12188 --- [http-nio-8560-exec-1] o.s.web.servlet.PageNotFound             : No mapping found for HTTP request with URI [/transport/] in DispatcherServlet with name 'dispatcherServlet'
2019-04-03 14:32:22.730  INFO 12188 --- [http-nio-8560-exec-2] com.example.transport.aspect.HttpAspect  : url=http://localhost:8560/transport/loginmethod=GETip=127.0.0.1class_method=com.example.transport.controller.UserController.loginargs=[org.apache.catalina.connector.RequestFacade@e0881ed, org.apache.catalina.connector.ResponseFacade@5751ec3]
2019-04-03 14:32:30.117  INFO 12188 --- [http-nio-8560-exec-24] com.example.transport.aspect.HttpAspect  : url=http://localhost:8560/transport/subloginmethod=POSTip=127.0.0.1class_method=com.example.transport.controller.UserController.subLoginargs=[system, 1FC22E704B1635FD1191D6C5D8182E24, org.apache.catalina.connector.RequestFacade@2238951d, {}]
